{"level":"INFO","time":"2026-05-20T16:08:15.236Z","pid":31424,"environment":"development","endpoint":"/auth","payload":{"username":"admin","password":"password123"},"msg":"Creating authentication token"}
{"level":"DEBUG","time":"2026-05-20T16:08:17.955Z","pid":31425,"environment":"development","msg":"Filled text : standard_user into element : getByRole('textbox', { name: 'Username' })"}
{"level":"DEBUG","time":"2026-05-20T16:08:18.046Z","pid":31425,"environment":"development","msg":"Filled text : secret_sauce into element : getByRole('textbox', { name: 'Password' })"}
{"level":"DEBUG","time":"2026-05-20T16:08:18.107Z","pid":31425,"environment":"development","msg":"Clicked on element : getByRole('button', { name: 'Login' })"}
{"level":"DEBUG","time":"2026-05-20T16:08:18.376Z","pid":31425,"environment":"development","msg":"Clicked on element : getByRole('button', { name: 'Open Menu' })"}
{"level":"DEBUG","time":"2026-05-20T16:08:18.693Z","pid":31425,"environment":"development","msg":"Clicked on element : locator('[data-test=\"shopping-cart-link\"]')"}
{"level":"DEBUG","time":"2026-05-20T16:08:18.745Z","pid":31425,"environment":"development","msg":"Clicked on element : getByRole('button', { name: 'Checkout' })"}
{"level":"INFO","time":"2026-05-20T16:08:18.748Z","pid":31424,"environment":"development","status":200,"response":{"token":"23920ded34164ea"},"msg":"Authentication response received"}
{"level":"DEBUG","time":"2026-05-20T16:08:18.807Z","pid":31425,"environment":"development","msg":"Filled text : Nitin into element : getByRole('textbox', { name: 'First Name' })"}
{"level":"INFO","time":"2026-05-20T16:08:18.811Z","pid":31424,"environment":"development","endpoint":"/auth","payload":{"username":"admin","password":"password123"},"msg":"Creating authentication token"}
{"level":"DEBUG","time":"2026-05-20T16:08:18.864Z","pid":31425,"environment":"development","msg":"Filled text : Rastogi into element : getByRole('textbox', { name: 'Last Name' })"}
{"level":"DEBUG","time":"2026-05-20T16:08:18.911Z","pid":31425,"environment":"development","msg":"Filled text : 560067 into element : getByRole('textbox', { name: 'Zip/Postal Code' })"}
{"level":"DEBUG","time":"2026-05-20T16:08:18.976Z","pid":31425,"environment":"development","msg":"Clicked on element : getByRole('button', { name: 'Continue' })"}
{"level":"DEBUG","time":"2026-05-20T16:08:19.027Z","pid":31425,"environment":"development","msg":"Clicked on element : getByRole('button', { name: 'Finish' })"}
{"level":"INFO","time":"2026-05-20T16:08:19.150Z","pid":31424,"environment":"development","status":200,"response":{"token":"9a7b658b4bf566c"},"msg":"Authentication response received"}
{"level":"INFO","time":"2026-05-20T16:08:19.572Z","pid":31424,"environment":"development","endpoint":"/auth","payload":{"username":"admin","password":"password123"},"msg":"Creating authentication token"}
{"level":"INFO","time":"2026-05-20T16:08:19.902Z","pid":31424,"environment":"development","status":200,"response":{"token":"044bb628841e395"},"msg":"Authentication response received"}
{"level":"INFO","time":"2026-05-20T16:08:19.937Z","pid":31424,"environment":"development","endpoint":"/booking","payload":{"firstname":"Nitin","lastname":"Rastogi","totalprice":500,"depositpaid":true,"bookingdates":{"checkin":"2025-09-01","checkout":"2025-09-05"},"additionalneeds":"Breakfast"},"msg":"Creating booking"}
{"level":"INFO","time":"2026-05-20T16:08:20.228Z","pid":31424,"environment":"development","status":200,"response":{"bookingid":3457,"booking":{"firstname":"Nitin","lastname":"Rastogi","totalprice":500,"depositpaid":true,"bookingdates":{"checkin":"2025-09-01","checkout":"2025-09-05"},"additionalneeds":"Breakfast"}},"msg":"Booking created successfully"}
{"level":"INFO","time":"2026-05-20T16:08:20.230Z","pid":31424,"environment":"development","bookingId":3457,"msg":"Fetching booking details"}
{"level":"INFO","time":"2026-05-20T16:08:20.510Z","pid":31424,"environment":"development","bookingId":3457,"status":200,"msg":"Booking fetch response received"}
{"level":"INFO","time":"2026-05-20T16:08:20.555Z","pid":31424,"environment":"development","bookingId":999999,"msg":"Fetching booking details"}
{"level":"DEBUG","time":"2026-05-20T16:08:20.830Z","pid":31423,"environment":"development","msg":"Filled text : standard_user into element : getByRole('textbox', { name: 'Username' })"}
{"level":"INFO","time":"2026-05-20T16:08:20.846Z","pid":31424,"environment":"development","bookingId":999999,"status":404,"msg":"Booking fetch response received"}
{"level":"INFO","time":"2026-05-20T16:08:20.885Z","pid":31424,"environment":"development","endpoint":"/auth","payload":{"username":"admin","password":"password123"},"msg":"Creating authentication token"}
{"level":"DEBUG","time":"2026-05-20T16:08:20.968Z","pid":31423,"environment":"development","msg":"Filled text : secret_sauce into element : getByRole('textbox', { name: 'Password' })"}
{"level":"DEBUG","time":"2026-05-20T16:08:21.068Z","pid":31423,"environment":"development","msg":"Clicked on element : getByRole('button', { name: 'Login' })"}
{"level":"DEBUG","time":"2026-05-20T16:08:21.191Z","pid":31425,"environment":"development","msg":"Filled text : standard_user into element : getByRole('textbox', { name: 'Username' })"}
{"level":"INFO","time":"2026-05-20T16:08:21.266Z","pid":31424,"environment":"development","status":200,"response":{"token":"a0535f01f1bb20f"},"msg":"Authentication response received"}
{"level":"DEBUG","time":"2026-05-20T16:08:21.278Z","pid":31425,"environment":"development","msg":"Filled text : secret_sauce into element : getByRole('textbox', { name: 'Password' })"}
{"level":"DEBUG","time":"2026-05-20T16:08:21.424Z","pid":31425,"environment":"development","msg":"Clicked on element : getByRole('button', { name: 'Login' })"}
{"level":"INFO","time":"2026-05-20T16:08:21.453Z","pid":31424,"environment":"development","endpoint":"/booking","payload":{"firstname":"John","lastname":"Doe","totalprice":1000,"depositpaid":true,"bookingdates":{"checkin":"2025-08-01","checkout":"2025-08-10"},"additionalneeds":"Lunch"},"msg":"Creating booking"}
{"level":"DEBUG","time":"2026-05-20T16:08:21.502Z","pid":31425,"environment":"development","msg":"Clicked on element : getByRole('button', { name: 'Open Menu' })"}
{"level":"DEBUG","time":"2026-05-20T16:08:21.568Z","pid":31423,"environment":"development","msg":"Clicked on element : getByRole('button', { name: 'Open Menu' })"}
{"level":"INFO","time":"2026-05-20T16:08:21.745Z","pid":31424,"environment":"development","status":200,"response":{"bookingid":3466,"booking":{"firstname":"John","lastname":"Doe","totalprice":1000,"depositpaid":true,"bookingdates":{"checkin":"2025-08-01","checkout":"2025-08-10"},"additionalneeds":"Lunch"}},"msg":"Booking created successfully"}
{"level":"INFO","time":"2026-05-20T16:08:21.747Z","pid":31424,"environment":"development","bookingId":3466,"payload":{"firstname":"UpdatedJohn","lastname":"Doe","totalprice":1500,"depositpaid":true,"bookingdates":{"checkin":"2025-08-01","checkout":"2025-08-12"},"additionalneeds":"Dinner"},"msg":"Updating booking"}
{"level":"DEBUG","time":"2026-05-20T16:08:21.835Z","pid":31425,"environment":"development","msg":"Clicked on element : locator('[data-test=\"shopping-cart-link\"]')"}
{"level":"DEBUG","time":"2026-05-20T16:08:21.892Z","pid":31425,"environment":"development","msg":"Clicked on element : getByRole('button', { name: 'Checkout' })"}
{"level":"DEBUG","time":"2026-05-20T16:08:21.954Z","pid":31425,"environment":"development","msg":"Filled text : Amit into element : getByRole('textbox', { name: 'First Name' })"}
{"level":"INFO","time":"2026-05-20T16:08:22.031Z","pid":31424,"environment":"development","bookingId":3466,"status":200,"msg":"Booking updated successfully"}
{"level":"DEBUG","time":"2026-05-20T16:08:22.059Z","pid":31425,"environment":"development","msg":"Filled text : Sharma into element : getByRole('textbox', { name: 'Last Name' })"}
{"level":"DEBUG","time":"2026-05-20T16:08:22.125Z","pid":31425,"environment":"development","msg":"Filled text : 110001 into element : getByRole('textbox', { name: 'Zip/Postal Code' })"}
{"level":"DEBUG","time":"2026-05-20T16:08:22.151Z","pid":31425,"environment":"development","msg":"Clicked on element : getByRole('button', { name: 'Continue' })"}
{"level":"DEBUG","time":"2026-05-20T16:08:22.213Z","pid":31425,"environment":"development","msg":"Clicked on element : getByRole('button', { name: 'Finish' })"}
{"level":"DEBUG","time":"2026-05-20T16:08:22.238Z","pid":31423,"environment":"development","msg":"Clicked on element : locator('[data-test=\"shopping-cart-link\"]')"}
{"level":"INFO","time":"2026-05-20T16:08:22.445Z","pid":31424,"environment":"development","endpoint":"/auth","payload":{"username":"admin","password":"password123"},"msg":"Creating authentication token"}
{"level":"DEBUG","time":"2026-05-20T16:08:22.501Z","pid":31423,"environment":"development","msg":"Clicked on element : getByRole('button', { name: 'Checkout' })"}
{"level":"DEBUG","time":"2026-05-20T16:08:22.578Z","pid":31423,"environment":"development","msg":"Filled text : Nitin into element : getByRole('textbox', { name: 'First Name' })"}
{"level":"DEBUG","time":"2026-05-20T16:08:22.641Z","pid":31423,"environment":"development","msg":"Filled text : Rastogi into element : getByRole('textbox', { name: 'Last Name' })"}
{"level":"DEBUG","time":"2026-05-20T16:08:22.714Z","pid":31423,"environment":"development","msg":"Filled text : 560067 into element : getByRole('textbox', { name: 'Zip/Postal Code' })"}
{"level":"INFO","time":"2026-05-20T16:08:22.795Z","pid":31424,"environment":"development","status":200,"response":{"token":"db068a4c0427aba"},"msg":"Authentication response received"}
{"level":"INFO","time":"2026-05-20T16:08:22.841Z","pid":31424,"environment":"development","endpoint":"/booking","payload":{"firstname":"Delete","lastname":"Test","totalprice":700,"depositpaid":true,"bookingdates":{"checkin":"2025-07-01","checkout":"2025-07-03"},"additionalneeds":"Dinner"},"msg":"Creating booking"}
{"level":"DEBUG","time":"2026-05-20T16:08:22.854Z","pid":31422,"environment":"development","msg":"Filled text : standard_user into element : getByRole('textbox', { name: 'Username' })"}
{"level":"DEBUG","time":"2026-05-20T16:08:22.896Z","pid":31423,"environment":"development","msg":"Clicked on element : getByRole('button', { name: 'Continue' })"}
{"level":"DEBUG","time":"2026-05-20T16:08:23.087Z","pid":31423,"environment":"development","msg":"Clicked on element : getByRole('button', { name: 'Finish' })"}
{"level":"INFO","time":"2026-05-20T16:08:23.117Z","pid":31424,"environment":"development","status":200,"response":{"bookingid":3476,"booking":{"firstname":"Delete","lastname":"Test","totalprice":700,"depositpaid":true,"bookingdates":{"checkin":"2025-07-01","checkout":"2025-07-03"},"additionalneeds":"Dinner"}},"msg":"Booking created successfully"}
{"level":"INFO","time":"2026-05-20T16:08:23.118Z","pid":31424,"environment":"development","bookingId":3476,"msg":"Deleting booking"}
{"level":"DEBUG","time":"2026-05-20T16:08:23.314Z","pid":31422,"environment":"development","msg":"Filled text : secret_sauce into element : getByRole('textbox', { name: 'Password' })"}
{"level":"INFO","time":"2026-05-20T16:08:23.397Z","pid":31424,"environment":"development","bookingId":3476,"status":201,"msg":"Booking deleted successfully"}
{"level":"DEBUG","time":"2026-05-20T16:08:23.507Z","pid":31422,"environment":"development","msg":"Clicked on element : getByRole('button', { name: 'Login' })"}
{"level":"DEBUG","time":"2026-05-20T16:08:23.680Z","pid":31422,"environment":"development","msg":"Clicked on element : getByRole('button', { name: 'Open Menu' })"}
{"level":"DEBUG","time":"2026-05-20T16:08:23.987Z","pid":31425,"environment":"development","msg":"Filled text : standard_user into element : getByRole('textbox', { name: 'Username' })"}
{"level":"DEBUG","time":"2026-05-20T16:08:24.033Z","pid":31425,"environment":"development","msg":"Filled text : secret_sauce into element : getByRole('textbox', { name: 'Password' })"}
{"level":"DEBUG","time":"2026-05-20T16:08:24.094Z","pid":31425,"environment":"development","msg":"Clicked on element : getByRole('button', { name: 'Login' })"}
{"level":"DEBUG","time":"2026-05-20T16:08:24.344Z","pid":31425,"environment":"development","msg":"Clicked on element : getByRole('button', { name: 'Open Menu' })"}
{"level":"DEBUG","time":"2026-05-20T16:08:24.418Z","pid":31422,"environment":"development","msg":"Clicked on element : locator('[data-test=\"shopping-cart-link\"]')"}
{"level":"DEBUG","time":"2026-05-20T16:08:24.552Z","pid":31422,"environment":"development","msg":"Clicked on element : getByRole('button', { name: 'Checkout' })"}
{"level":"DEBUG","time":"2026-05-20T16:08:24.621Z","pid":31422,"environment":"development","msg":"Filled text : Amit into element : getByRole('textbox', { name: 'First Name' })"}
{"level":"DEBUG","time":"2026-05-20T16:08:24.668Z","pid":31425,"environment":"development","msg":"Clicked on element : locator('[data-test=\"shopping-cart-link\"]')"}
{"level":"DEBUG","time":"2026-05-20T16:08:24.746Z","pid":31422,"environment":"development","msg":"Filled text : Sharma into element : getByRole('textbox', { name: 'Last Name' })"}
{"level":"DEBUG","time":"2026-05-20T16:08:24.777Z","pid":31425,"environment":"development","msg":"Clicked on element : getByRole('button', { name: 'Checkout' })"}
{"level":"DEBUG","time":"2026-05-20T16:08:24.777Z","pid":31423,"environment":"development","msg":"Filled text : standard_user into element : getByRole('textbox', { name: 'Username' })"}
{"level":"DEBUG","time":"2026-05-20T16:08:24.861Z","pid":31425,"environment":"development","msg":"Filled text : Priya into element : getByRole('textbox', { name: 'First Name' })"}
{"level":"DEBUG","time":"2026-05-20T16:08:24.903Z","pid":31422,"environment":"development","msg":"Filled text : 110001 into element : getByRole('textbox', { name: 'Zip/Postal Code' })"}
{"level":"DEBUG","time":"2026-05-20T16:08:24.914Z","pid":31423,"environment":"development","msg":"Filled text : secret_sauce into element : getByRole('textbox', { name: 'Password' })"}
{"level":"DEBUG","time":"2026-05-20T16:08:24.970Z","pid":31425,"environment":"development","msg":"Filled text : Verma into element : getByRole('textbox', { name: 'Last Name' })"}
{"level":"DEBUG","time":"2026-05-20T16:08:25.066Z","pid":31425,"environment":"development","msg":"Filled text : 400001 into element : getByRole('textbox', { name: 'Zip/Postal Code' })"}
{"level":"DEBUG","time":"2026-05-20T16:08:25.138Z","pid":31425,"environment":"development","msg":"Clicked on element : getByRole('button', { name: 'Continue' })"}
{"level":"DEBUG","time":"2026-05-20T16:08:25.148Z","pid":31422,"environment":"development","msg":"Clicked on element : getByRole('button', { name: 'Continue' })"}
{"level":"DEBUG","time":"2026-05-20T16:08:25.235Z","pid":31422,"environment":"development","msg":"Clicked on element : getByRole('button', { name: 'Finish' })"}
{"level":"DEBUG","time":"2026-05-20T16:08:25.260Z","pid":31425,"environment":"development","msg":"Clicked on element : getByRole('button', { name: 'Finish' })"}
{"level":"DEBUG","time":"2026-05-20T16:08:25.407Z","pid":31423,"environment":"development","msg":"Clicked on element : getByRole('button', { name: 'Login' })"}
{"level":"DEBUG","time":"2026-05-20T16:08:25.669Z","pid":31423,"environment":"development","msg":"Clicked on element : getByRole('button', { name: 'Open Menu' })"}
{"level":"DEBUG","time":"2026-05-20T16:08:26.542Z","pid":31423,"environment":"development","msg":"Clicked on element : locator('[data-test=\"shopping-cart-link\"]')"}
{"level":"DEBUG","time":"2026-05-20T16:08:26.648Z","pid":31423,"environment":"development","msg":"Clicked on element : getByRole('button', { name: 'Checkout' })"}
{"level":"DEBUG","time":"2026-05-20T16:08:26.666Z","pid":31423,"environment":"development","msg":"Filled text : Priya into element : getByRole('textbox', { name: 'First Name' })"}
{"level":"DEBUG","time":"2026-05-20T16:08:26.690Z","pid":31423,"environment":"development","msg":"Filled text : Verma into element : getByRole('textbox', { name: 'Last Name' })"}
{"level":"DEBUG","time":"2026-05-20T16:08:26.774Z","pid":31423,"environment":"development","msg":"Filled text : 400001 into element : getByRole('textbox', { name: 'Zip/Postal Code' })"}
{"level":"DEBUG","time":"2026-05-20T16:08:26.947Z","pid":31423,"environment":"development","msg":"Clicked on element : getByRole('button', { name: 'Continue' })"}
{"level":"DEBUG","time":"2026-05-20T16:08:26.960Z","pid":31425,"environment":"development","msg":"Filled text : standard_user into element : getByRole('textbox', { name: 'Username' })"}
{"level":"DEBUG","time":"2026-05-20T16:08:27.063Z","pid":31425,"environment":"development","msg":"Filled text : secret_sauce into element : getByRole('textbox', { name: 'Password' })"}
{"level":"DEBUG","time":"2026-05-20T16:08:27.141Z","pid":31425,"environment":"development","msg":"Clicked on element : getByRole('button', { name: 'Login' })"}
{"level":"DEBUG","time":"2026-05-20T16:08:27.216Z","pid":31425,"environment":"development","msg":"Clicked on element : getByRole('button', { name: 'Open Menu' })"}
{"level":"DEBUG","time":"2026-05-20T16:08:27.266Z","pid":31423,"environment":"development","msg":"Clicked on element : getByRole('button', { name: 'Finish' })"}
{"level":"DEBUG","time":"2026-05-20T16:08:28.233Z","pid":31425,"environment":"development","msg":"Clicked on element : locator('[data-test=\"shopping-cart-link\"]')"}
{"level":"DEBUG","time":"2026-05-20T16:08:28.399Z","pid":31425,"environment":"development","msg":"Clicked on element : getByRole('button', { name: 'Checkout' })"}
{"level":"DEBUG","time":"2026-05-20T16:08:28.447Z","pid":31425,"environment":"development","msg":"Filled text : Sneha into element : getByRole('textbox', { name: 'First Name' })"}
{"level":"DEBUG","time":"2026-05-20T16:08:28.567Z","pid":31425,"environment":"development","msg":"Filled text : Iyer into element : getByRole('textbox', { name: 'Last Name' })"}
{"level":"DEBUG","time":"2026-05-20T16:08:28.693Z","pid":31425,"environment":"development","msg":"Filled text : 600020 into element : getByRole('textbox', { name: 'Zip/Postal Code' })"}
{"level":"DEBUG","time":"2026-05-20T16:08:28.891Z","pid":31425,"environment":"development","msg":"Clicked on element : getByRole('button', { name: 'Continue' })"}
{"level":"DEBUG","time":"2026-05-20T16:08:28.943Z","pid":31425,"environment":"development","msg":"Clicked on element : getByRole('button', { name: 'Finish' })"}
{"level":"DEBUG","time":"2026-05-20T16:08:29.488Z","pid":31500,"environment":"development","msg":"Filled text : standard_user into element : getByRole('textbox', { name: 'Username' })"}
{"level":"DEBUG","time":"2026-05-20T16:08:29.635Z","pid":31500,"environment":"development","msg":"Filled text : secret_sauce into element : getByRole('textbox', { name: 'Password' })"}
{"level":"DEBUG","time":"2026-05-20T16:08:29.788Z","pid":31500,"environment":"development","msg":"Clicked on element : getByRole('button', { name: 'Login' })"}
{"level":"DEBUG","time":"2026-05-20T16:08:29.952Z","pid":31422,"environment":"development","msg":"Filled text : standard_user into element : getByRole('textbox', { name: 'Username' })"}
{"level":"DEBUG","time":"2026-05-20T16:08:30.126Z","pid":31500,"environment":"development","msg":"Clicked on element : getByRole('button', { name: 'Open Menu' })"}
{"level":"DEBUG","time":"2026-05-20T16:08:30.561Z","pid":31422,"environment":"development","msg":"Filled text : secret_sauce into element : getByRole('textbox', { name: 'Password' })"}
{"level":"DEBUG","time":"2026-05-20T16:08:30.612Z","pid":31500,"environment":"development","msg":"Clicked on element : locator('[data-test=\"shopping-cart-link\"]')"}
{"level":"DEBUG","time":"2026-05-20T16:08:30.750Z","pid":31500,"environment":"development","msg":"Clicked on element : getByRole('button', { name: 'Checkout' })"}
{"level":"DEBUG","time":"2026-05-20T16:08:30.808Z","pid":31500,"environment":"development","msg":"Filled text : Rahul into element : getByRole('textbox', { name: 'First Name' })"}
{"level":"DEBUG","time":"2026-05-20T16:08:31.010Z","pid":31500,"environment":"development","msg":"Filled text : Mehta into element : getByRole('textbox', { name: 'Last Name' })"}
{"level":"DEBUG","time":"2026-05-20T16:08:31.063Z","pid":31425,"environment":"development","msg":"Filled text : standard_user into element : getByRole('textbox', { name: 'Username' })"}
{"level":"DEBUG","time":"2026-05-20T16:08:31.191Z","pid":31425,"environment":"development","msg":"Filled text : secret_sauce into element : getByRole('textbox', { name: 'Password' })"}
{"level":"DEBUG","time":"2026-05-20T16:08:31.226Z","pid":31500,"environment":"development","msg":"Filled text : 500081 into element : getByRole('textbox', { name: 'Zip/Postal Code' })"}
{"level":"DEBUG","time":"2026-05-20T16:08:31.314Z","pid":31500,"environment":"development","msg":"Clicked on element : getByRole('button', { name: 'Continue' })"}
{"level":"DEBUG","time":"2026-05-20T16:08:31.370Z","pid":31500,"environment":"development","msg":"Clicked on element : getByRole('button', { name: 'Finish' })"}
{"level":"DEBUG","time":"2026-05-20T16:08:31.434Z","pid":31425,"environment":"development","msg":"Clicked on element : getByRole('button', { name: 'Login' })"}
{"level":"DEBUG","time":"2026-05-20T16:08:31.595Z","pid":31422,"environment":"development","msg":"Clicked on element : getByRole('button', { name: 'Login' })"}
{"level":"DEBUG","time":"2026-05-20T16:08:31.627Z","pid":31425,"environment":"development","msg":"Clicked on element : getByRole('button', { name: 'Open Menu' })"}
{"level":"DEBUG","time":"2026-05-20T16:08:31.938Z","pid":31425,"environment":"development","msg":"Clicked on element : locator('[data-test=\"shopping-cart-link\"]')"}
{"level":"DEBUG","time":"2026-05-20T16:08:32.037Z","pid":31425,"environment":"development","msg":"Clicked on element : getByRole('button', { name: 'Checkout' })"}
{"level":"DEBUG","time":"2026-05-20T16:08:32.060Z","pid":31425,"environment":"development","msg":"Filled text : Arjun into element : getByRole('textbox', { name: 'First Name' })"}
{"level":"DEBUG","time":"2026-05-20T16:08:32.131Z","pid":31422,"environment":"development","msg":"Clicked on element : getByRole('button', { name: 'Open Menu' })"}
{"level":"DEBUG","time":"2026-05-20T16:08:32.189Z","pid":31425,"environment":"development","msg":"Filled text : Patel into element : getByRole('textbox', { name: 'Last Name' })"}
{"level":"DEBUG","time":"2026-05-20T16:08:32.295Z","pid":31425,"environment":"development","msg":"Filled text : 380015 into element : getByRole('textbox', { name: 'Zip/Postal Code' })"}
{"level":"DEBUG","time":"2026-05-20T16:08:32.468Z","pid":31425,"environment":"development","msg":"Clicked on element : getByRole('button', { name: 'Continue' })"}
{"level":"DEBUG","time":"2026-05-20T16:08:32.598Z","pid":31425,"environment":"development","msg":"Clicked on element : getByRole('button', { name: 'Finish' })"}
{"level":"DEBUG","time":"2026-05-20T16:08:33.440Z","pid":31500,"environment":"development","msg":"Filled text : standard_user into element : getByRole('textbox', { name: 'Username' })"}
{"level":"DEBUG","time":"2026-05-20T16:08:33.503Z","pid":31423,"environment":"development","msg":"Filled text : standard_user into element : getByRole('textbox', { name: 'Username' })"}
{"level":"DEBUG","time":"2026-05-20T16:08:33.603Z","pid":31500,"environment":"development","msg":"Filled text : secret_sauce into element : getByRole('textbox', { name: 'Password' })"}
{"level":"DEBUG","time":"2026-05-20T16:08:33.759Z","pid":31500,"environment":"development","msg":"Clicked on element : getByRole('button', { name: 'Login' })"}
{"level":"DEBUG","time":"2026-05-20T16:08:33.884Z","pid":31500,"environment":"development","msg":"Clicked on element : getByRole('button', { name: 'Open Menu' })"}
{"level":"DEBUG","time":"2026-05-20T16:08:34.098Z","pid":31423,"environment":"development","msg":"Filled text : secret_sauce into element : getByRole('textbox', { name: 'Password' })"}
{"level":"DEBUG","time":"2026-05-20T16:08:34.326Z","pid":31500,"environment":"development","msg":"Clicked on element : locator('[data-test=\"shopping-cart-link\"]')"}
{"level":"DEBUG","time":"2026-05-20T16:08:34.323Z","pid":31422,"environment":"development","msg":"Clicked on element : locator('[data-test=\"shopping-cart-link\"]')"}
{"level":"DEBUG","time":"2026-05-20T16:08:34.346Z","pid":31425,"environment":"development","msg":"Filled text : standard_user into element : getByRole('textbox', { name: 'Username' })"}
{"level":"DEBUG","time":"2026-05-20T16:08:34.495Z","pid":31425,"environment":"development","msg":"Filled text : secret_sauce into element : getByRole('textbox', { name: 'Password' })"}
{"level":"DEBUG","time":"2026-05-20T16:08:34.525Z","pid":31500,"environment":"development","msg":"Clicked on element : getByRole('button', { name: 'Checkout' })"}
{"level":"DEBUG","time":"2026-05-20T16:08:34.548Z","pid":31500,"environment":"development","msg":"Filled text : Neha into element : getByRole('textbox', { name: 'First Name' })"}
{"level":"DEBUG","time":"2026-05-20T16:08:34.700Z","pid":31425,"environment":"development","msg":"Clicked on element : getByRole('button', { name: 'Login' })"}
{"level":"DEBUG","time":"2026-05-20T16:08:34.776Z","pid":31500,"environment":"development","msg":"Filled text : Gupta into element : getByRole('textbox', { name: 'Last Name' })"}
{"level":"DEBUG","time":"2026-05-20T16:08:34.843Z","pid":31425,"environment":"development","msg":"Clicked on element : getByRole('button', { name: 'Open Menu' })"}
{"level":"DEBUG","time":"2026-05-20T16:08:34.899Z","pid":31500,"environment":"development","msg":"Filled text : 700091 into element : getByRole('textbox', { name: 'Zip/Postal Code' })"}
{"level":"DEBUG","time":"2026-05-20T16:08:34.951Z","pid":31422,"environment":"development","msg":"Clicked on element : getByRole('button', { name: 'Checkout' })"}
{"level":"DEBUG","time":"2026-05-20T16:08:35.013Z","pid":31423,"environment":"development","msg":"Clicked on element : getByRole('button', { name: 'Login' })"}
{"level":"DEBUG","time":"2026-05-20T16:08:35.021Z","pid":31500,"environment":"development","msg":"Clicked on element : getByRole('button', { name: 'Continue' })"}
{"level":"DEBUG","time":"2026-05-20T16:08:35.103Z","pid":31500,"environment":"development","msg":"Clicked on element : getByRole('button', { name: 'Finish' })"}
{"level":"DEBUG","time":"2026-05-20T16:08:35.114Z","pid":31425,"environment":"development","msg":"Clicked on element : locator('[data-test=\"shopping-cart-link\"]')"}
{"level":"DEBUG","time":"2026-05-20T16:08:35.262Z","pid":31422,"environment":"development","msg":"Filled text : Rahul into element : getByRole('textbox', { name: 'First Name' })"}
{"level":"DEBUG","time":"2026-05-20T16:08:35.302Z","pid":31425,"environment":"development","msg":"Clicked on element : getByRole('button', { name: 'Checkout' })"}
{"level":"DEBUG","time":"2026-05-20T16:08:35.334Z","pid":31425,"environment":"development","msg":"Filled text : Vikram into element : getByRole('textbox', { name: 'First Name' })"}
{"level":"DEBUG","time":"2026-05-20T16:08:35.429Z","pid":31425,"environment":"development","msg":"Filled text : Singh into element : getByRole('textbox', { name: 'Last Name' })"}
{"level":"DEBUG","time":"2026-05-20T16:08:35.558Z","pid":31425,"environment":"development","msg":"Filled text : 302001 into element : getByRole('textbox', { name: 'Zip/Postal Code' })"}
{"level":"DEBUG","time":"2026-05-20T16:08:35.581Z","pid":31422,"environment":"development","msg":"Filled text : Mehta into element : getByRole('textbox', { name: 'Last Name' })"}
{"level":"DEBUG","time":"2026-05-20T16:08:35.610Z","pid":31425,"environment":"development","msg":"Clicked on element : getByRole('button', { name: 'Continue' })"}
{"level":"DEBUG","time":"2026-05-20T16:08:35.665Z","pid":31425,"environment":"development","msg":"Clicked on element : getByRole('button', { name: 'Finish' })"}
{"level":"DEBUG","time":"2026-05-20T16:08:35.742Z","pid":31423,"environment":"development","msg":"Clicked on element : getByRole('button', { name: 'Open Menu' })"}
{"level":"DEBUG","time":"2026-05-20T16:08:35.879Z","pid":31422,"environment":"development","msg":"Filled text : 500081 into element : getByRole('textbox', { name: 'Zip/Postal Code' })"}
{"level":"DEBUG","time":"2026-05-20T16:08:36.104Z","pid":31422,"environment":"development","msg":"Clicked on element : getByRole('button', { name: 'Continue' })"}
{"level":"DEBUG","time":"2026-05-20T16:08:36.377Z","pid":31422,"environment":"development","msg":"Clicked on element : getByRole('button', { name: 'Finish' })"}
{"level":"DEBUG","time":"2026-05-20T16:08:36.523Z","pid":31423,"environment":"development","msg":"Clicked on element : locator('[data-test=\"shopping-cart-link\"]')"}
{"level":"DEBUG","time":"2026-05-20T16:08:36.713Z","pid":31423,"environment":"development","msg":"Clicked on element : getByRole('button', { name: 'Checkout' })"}
{"level":"DEBUG","time":"2026-05-20T16:08:36.813Z","pid":31423,"environment":"development","msg":"Filled text : Sneha into element : getByRole('textbox', { name: 'First Name' })"}
{"level":"DEBUG","time":"2026-05-20T16:08:36.846Z","pid":31423,"environment":"development","msg":"Filled text : Iyer into element : getByRole('textbox', { name: 'Last Name' })"}
{"level":"DEBUG","time":"2026-05-20T16:08:36.914Z","pid":31423,"environment":"development","msg":"Filled text : 600020 into element : getByRole('textbox', { name: 'Zip/Postal Code' })"}
{"level":"DEBUG","time":"2026-05-20T16:08:37.119Z","pid":31423,"environment":"development","msg":"Clicked on element : getByRole('button', { name: 'Continue' })"}
{"level":"DEBUG","time":"2026-05-20T16:08:37.142Z","pid":31500,"environment":"development","msg":"Filled text : standard_user into element : getByRole('textbox', { name: 'Username' })"}
{"level":"DEBUG","time":"2026-05-20T16:08:37.295Z","pid":31500,"environment":"development","msg":"Filled text : secret_sauce into element : getByRole('textbox', { name: 'Password' })"}
{"level":"DEBUG","time":"2026-05-20T16:08:37.481Z","pid":31425,"environment":"development","msg":"Filled text : standard_user into element : getByRole('textbox', { name: 'Username' })"}
{"level":"DEBUG","time":"2026-05-20T16:08:37.532Z","pid":31500,"environment":"development","msg":"Clicked on element : getByRole('button', { name: 'Login' })"}
{"level":"DEBUG","time":"2026-05-20T16:08:37.544Z","pid":31425,"environment":"development","msg":"Filled text : secret_sauce into element : getByRole('textbox', { name: 'Password' })"}
{"level":"DEBUG","time":"2026-05-20T16:08:37.594Z","pid":31423,"environment":"development","msg":"Clicked on element : getByRole('button', { name: 'Finish' })"}
{"level":"DEBUG","time":"2026-05-20T16:08:37.666Z","pid":31425,"environment":"development","msg":"Clicked on element : getByRole('button', { name: 'Login' })"}
{"level":"DEBUG","time":"2026-05-20T16:08:37.753Z","pid":31500,"environment":"development","msg":"Clicked on element : getByRole('button', { name: 'Open Menu' })"}
{"level":"DEBUG","time":"2026-05-20T16:08:37.763Z","pid":31425,"environment":"development","msg":"Clicked on element : getByRole('button', { name: 'Open Menu' })"}
{"level":"DEBUG","time":"2026-05-20T16:08:38.097Z","pid":31500,"environment":"development","msg":"Clicked on element : locator('[data-test=\"shopping-cart-link\"]')"}
{"level":"DEBUG","time":"2026-05-20T16:08:38.180Z","pid":31425,"environment":"development","msg":"Clicked on element : locator('[data-test=\"shopping-cart-link\"]')"}
{"level":"DEBUG","time":"2026-05-20T16:08:38.198Z","pid":31425,"environment":"development","msg":"Clicked on element : getByRole('button', { name: 'Checkout' })"}
{"level":"DEBUG","time":"2026-05-20T16:08:38.266Z","pid":31500,"environment":"development","msg":"Clicked on element : getByRole('button', { name: 'Checkout' })"}
{"level":"DEBUG","time":"2026-05-20T16:08:38.297Z","pid":31500,"environment":"development","msg":"Filled text : Pooja into element : getByRole('textbox', { name: 'First Name' })"}
{"level":"DEBUG","time":"2026-05-20T16:08:38.339Z","pid":31425,"environment":"development","msg":"Filled text : Karan into element : getByRole('textbox', { name: 'First Name' })"}
{"level":"DEBUG","time":"2026-05-20T16:08:38.387Z","pid":31500,"environment":"development","msg":"Filled text : Nair into element : getByRole('textbox', { name: 'Last Name' })"}
{"level":"DEBUG","time":"2026-05-20T16:08:38.478Z","pid":31425,"environment":"development","msg":"Filled text : Joshi into element : getByRole('textbox', { name: 'Last Name' })"}
{"level":"DEBUG","time":"2026-05-20T16:08:38.572Z","pid":31500,"environment":"development","msg":"Filled text : 682020 into element : getByRole('textbox', { name: 'Zip/Postal Code' })"}
{"level":"DEBUG","time":"2026-05-20T16:08:38.583Z","pid":31425,"environment":"development","msg":"Filled text : 411014 into element : getByRole('textbox', { name: 'Zip/Postal Code' })"}
{"level":"DEBUG","time":"2026-05-20T16:08:38.609Z","pid":31425,"environment":"development","msg":"Clicked on element : getByRole('button', { name: 'Continue' })"}
{"level":"DEBUG","time":"2026-05-20T16:08:38.634Z","pid":31500,"environment":"development","msg":"Clicked on element : getByRole('button', { name: 'Continue' })"}
{"level":"DEBUG","time":"2026-05-20T16:08:38.669Z","pid":31425,"environment":"development","msg":"Clicked on element : getByRole('button', { name: 'Finish' })"}
{"level":"DEBUG","time":"2026-05-20T16:08:38.696Z","pid":31500,"environment":"development","msg":"Clicked on element : getByRole('button', { name: 'Finish' })"}
{"level":"DEBUG","time":"2026-05-20T16:08:40.394Z","pid":31500,"environment":"development","msg":"Filled text : standard_user into element : getByRole('textbox', { name: 'Username' })"}
{"level":"DEBUG","time":"2026-05-20T16:08:40.531Z","pid":31500,"environment":"development","msg":"Filled text : secret_sauce into element : getByRole('textbox', { name: 'Password' })"}
{"level":"DEBUG","time":"2026-05-20T16:08:40.623Z","pid":31425,"environment":"development","msg":"Filled text : standard_user into element : getByRole('textbox', { name: 'Username' })"}
{"level":"DEBUG","time":"2026-05-20T16:08:40.748Z","pid":31425,"environment":"development","msg":"Filled text : secret_sauce into element : getByRole('textbox', { name: 'Password' })"}
{"level":"DEBUG","time":"2026-05-20T16:08:40.811Z","pid":31500,"environment":"development","msg":"Clicked on element : getByRole('button', { name: 'Login' })"}
{"level":"DEBUG","time":"2026-05-20T16:08:40.845Z","pid":31425,"environment":"development","msg":"Clicked on element : getByRole('button', { name: 'Login' })"}
{"level":"DEBUG","time":"2026-05-20T16:08:40.845Z","pid":31422,"environment":"development","msg":"Filled text : standard_user into element : getByRole('textbox', { name: 'Username' })"}
{"level":"DEBUG","time":"2026-05-20T16:08:41.142Z","pid":31500,"environment":"development","msg":"Clicked on element : getByRole('button', { name: 'Open Menu' })"}
{"level":"DEBUG","time":"2026-05-20T16:08:41.160Z","pid":31425,"environment":"development","msg":"Clicked on element : getByRole('button', { name: 'Open Menu' })"}
{"level":"DEBUG","time":"2026-05-20T16:08:41.301Z","pid":31423,"environment":"development","msg":"Filled text : standard_user into element : getByRole('textbox', { name: 'Username' })"}
{"level":"DEBUG","time":"2026-05-20T16:08:41.426Z","pid":31422,"environment":"development","msg":"Filled text : secret_sauce into element : getByRole('textbox', { name: 'Password' })"}
{"level":"DEBUG","time":"2026-05-20T16:08:41.601Z","pid":31500,"environment":"development","msg":"Clicked on element : locator('[data-test=\"shopping-cart-link\"]')"}
{"level":"DEBUG","time":"2026-05-20T16:08:41.619Z","pid":31423,"environment":"development","msg":"Filled text : secret_sauce into element : getByRole('textbox', { name: 'Password' })"}
{"level":"DEBUG","time":"2026-05-20T16:08:41.732Z","pid":31422,"environment":"development","msg":"Clicked on element : getByRole('button', { name: 'Login' })"}
{"level":"DEBUG","time":"2026-05-20T16:08:41.751Z","pid":31500,"environment":"development","msg":"Clicked on element : getByRole('button', { name: 'Checkout' })"}
{"level":"DEBUG","time":"2026-05-20T16:08:41.798Z","pid":31500,"environment":"development","msg":"Filled text : R into element : getByRole('textbox', { name: 'Last Name' })"}
{"level":"DEBUG","time":"2026-05-20T16:08:41.928Z","pid":31500,"environment":"development","msg":"Filled text : 123123 into element : getByRole('textbox', { name: 'Zip/Postal Code' })"}
{"level":"DEBUG","time":"2026-05-20T16:08:41.978Z","pid":31500,"environment":"development","msg":"Clicked on element : getByRole('button', { name: 'Continue' })"}
{"level":"DEBUG","time":"2026-05-20T16:08:41.997Z","pid":31423,"environment":"development","msg":"Clicked on element : getByRole('button', { name: 'Login' })"}
{"level":"DEBUG","time":"2026-05-20T16:08:42.163Z","pid":31422,"environment":"development","msg":"Clicked on element : getByRole('button', { name: 'Open Menu' })"}
{"level":"DEBUG","time":"2026-05-20T16:08:42.402Z","pid":31423,"environment":"development","msg":"Clicked on element : getByRole('button', { name: 'Open Menu' })"}
{"level":"DEBUG","time":"2026-05-20T16:08:42.936Z","pid":31422,"environment":"development","msg":"Clicked on element : locator('[data-test=\"shopping-cart-link\"]')"}
{"level":"DEBUG","time":"2026-05-20T16:08:43.121Z","pid":31423,"environment":"development","msg":"Clicked on element : locator('[data-test=\"shopping-cart-link\"]')"}
{"level":"DEBUG","time":"2026-05-20T16:08:43.339Z","pid":31422,"environment":"development","msg":"Clicked on element : getByRole('button', { name: 'Checkout' })"}
{"level":"DEBUG","time":"2026-05-20T16:08:43.533Z","pid":31425,"environment":"development","msg":"Filled text : standard_user into element : getByRole('textbox', { name: 'Username' })"}
{"level":"DEBUG","time":"2026-05-20T16:08:43.698Z","pid":31425,"environment":"development","msg":"Filled text : secret_sauce into element : getByRole('textbox', { name: 'Password' })"}
{"level":"DEBUG","time":"2026-05-20T16:08:43.701Z","pid":31422,"environment":"development","msg":"Filled text : Arjun into element : getByRole('textbox', { name: 'First Name' })"}
{"level":"DEBUG","time":"2026-05-20T16:08:43.805Z","pid":31423,"environment":"development","msg":"Clicked on element : getByRole('button', { name: 'Checkout' })"}
{"level":"DEBUG","time":"2026-05-20T16:08:43.806Z","pid":31422,"environment":"development","msg":"Filled text : Patel into element : getByRole('textbox', { name: 'Last Name' })"}
{"level":"DEBUG","time":"2026-05-20T16:08:43.841Z","pid":31425,"environment":"development","msg":"Clicked on element : getByRole('button', { name: 'Login' })"}
{"level":"DEBUG","time":"2026-05-20T16:08:43.971Z","pid":31425,"environment":"development","msg":"Clicked on element : getByRole('button', { name: 'Open Menu' })"}
{"level":"DEBUG","time":"2026-05-20T16:08:43.982Z","pid":31422,"environment":"development","msg":"Filled text : 380015 into element : getByRole('textbox', { name: 'Zip/Postal Code' })"}
{"level":"DEBUG","time":"2026-05-20T16:08:44.080Z","pid":31423,"environment":"development","msg":"Filled text : Neha into element : getByRole('textbox', { name: 'First Name' })"}
{"level":"DEBUG","time":"2026-05-20T16:08:44.171Z","pid":31500,"environment":"development","msg":"Filled text : standard_user into element : getByRole('textbox', { name: 'Username' })"}
{"level":"DEBUG","time":"2026-05-20T16:08:44.370Z","pid":31425,"environment":"development","msg":"navigated to url : https://www.saucedemo.com/inventory-item.html?id=999"}
{"level":"DEBUG","time":"2026-05-20T16:08:44.378Z","pid":31500,"environment":"development","msg":"Filled text : secret_sauce into element : getByRole('textbox', { name: 'Password' })"}
{"level":"DEBUG","time":"2026-05-20T16:08:44.482Z","pid":31422,"environment":"development","msg":"Clicked on element : getByRole('button', { name: 'Continue' })"}
{"level":"DEBUG","time":"2026-05-20T16:08:44.503Z","pid":31423,"environment":"development","msg":"Filled text : Gupta into element : getByRole('textbox', { name: 'Last Name' })"}
{"level":"DEBUG","time":"2026-05-20T16:08:44.657Z","pid":31500,"environment":"development","msg":"Clicked on element : getByRole('button', { name: 'Login' })"}
{"level":"DEBUG","time":"2026-05-20T16:08:45.072Z","pid":31422,"environment":"development","msg":"Clicked on element : getByRole('button', { name: 'Finish' })"}
{"level":"DEBUG","time":"2026-05-20T16:08:45.090Z","pid":31423,"environment":"development","msg":"Filled text : 700091 into element : getByRole('textbox', { name: 'Zip/Postal Code' })"}
{"level":"DEBUG","time":"2026-05-20T16:08:45.097Z","pid":31500,"environment":"development","msg":"Clicked on element : getByRole('button', { name: 'Open Menu' })"}
{"level":"DEBUG","time":"2026-05-20T16:08:45.486Z","pid":31423,"environment":"development","msg":"Clicked on element : getByRole('button', { name: 'Continue' })"}
{"level":"DEBUG","time":"2026-05-20T16:08:45.717Z","pid":31423,"environment":"development","msg":"Clicked on element : getByRole('button', { name: 'Finish' })"}
{"level":"DEBUG","time":"2026-05-20T16:08:46.862Z","pid":31425,"environment":"development","msg":"Filled text : problem_user into element : getByRole('textbox', { name: 'Username' })"}
{"level":"DEBUG","time":"2026-05-20T16:08:47.078Z","pid":31425,"environment":"development","msg":"Filled text : secret_sauce into element : getByRole('textbox', { name: 'Password' })"}
{"level":"DEBUG","time":"2026-05-20T16:08:47.217Z","pid":31425,"environment":"development","msg":"Clicked on element : getByRole('button', { name: 'Login' })"}
{"level":"DEBUG","time":"2026-05-20T16:08:47.384Z","pid":31425,"environment":"development","msg":"Clicked on element : getByRole('button', { name: 'Open Menu' })"}
{"level":"DEBUG","time":"2026-05-20T16:08:47.682Z","pid":31500,"environment":"development","msg":"Filled text : visual_user into element : getByRole('textbox', { name: 'Username' })"}
{"level":"DEBUG","time":"2026-05-20T16:08:47.779Z","pid":31500,"environment":"development","msg":"Filled text : secret_sauce into element : getByRole('textbox', { name: 'Password' })"}
{"level":"DEBUG","time":"2026-05-20T16:08:47.908Z","pid":31500,"environment":"development","msg":"Clicked on element : getByRole('button', { name: 'Login' })"}
{"level":"DEBUG","time":"2026-05-20T16:08:48.128Z","pid":31500,"environment":"development","msg":"Clicked on element : getByRole('button', { name: 'Open Menu' })"}
{"level":"DEBUG","time":"2026-05-20T16:08:49.655Z","pid":31425,"environment":"development","msg":"Filled text : wrongData into element : getByRole('textbox', { name: 'Username' })"}
{"level":"DEBUG","time":"2026-05-20T16:08:49.702Z","pid":31425,"environment":"development","msg":"Filled text : secret_sauce into element : getByRole('textbox', { name: 'Password' })"}
{"level":"DEBUG","time":"2026-05-20T16:08:49.789Z","pid":31425,"environment":"development","msg":"Clicked on element : getByRole('button', { name: 'Login' })"}
{"level":"DEBUG","time":"2026-05-20T16:08:49.811Z","pid":31422,"environment":"development","msg":"Filled text : standard_user into element : getByRole('textbox', { name: 'Username' })"}
{"level":"DEBUG","time":"2026-05-20T16:08:50.025Z","pid":31422,"environment":"development","msg":"Filled text : secret_sauce into element : getByRole('textbox', { name: 'Password' })"}
{"level":"DEBUG","time":"2026-05-20T16:08:50.291Z","pid":31422,"environment":"development","msg":"Clicked on element : getByRole('button', { name: 'Login' })"}
{"level":"DEBUG","time":"2026-05-20T16:08:50.512Z","pid":31422,"environment":"development","msg":"Clicked on element : getByRole('button', { name: 'Open Menu' })"}
{"level":"DEBUG","time":"2026-05-20T16:08:50.791Z","pid":31423,"environment":"development","msg":"Filled text : standard_user into element : getByRole('textbox', { name: 'Username' })"}
{"level":"DEBUG","time":"2026-05-20T16:08:50.908Z","pid":31423,"environment":"development","msg":"Filled text : secret_sauce into element : getByRole('textbox', { name: 'Password' })"}
{"level":"DEBUG","time":"2026-05-20T16:08:51.051Z","pid":31423,"environment":"development","msg":"Clicked on element : getByRole('button', { name: 'Login' })"}
{"level":"DEBUG","time":"2026-05-20T16:08:51.264Z","pid":31422,"environment":"development","msg":"Clicked on element : locator('[data-test=\"shopping-cart-link\"]')"}
{"level":"DEBUG","time":"2026-05-20T16:08:51.423Z","pid":31422,"environment":"development","msg":"Clicked on element : getByRole('button', { name: 'Checkout' })"}
{"level":"DEBUG","time":"2026-05-20T16:08:51.445Z","pid":31423,"environment":"development","msg":"Clicked on element : getByRole('button', { name: 'Open Menu' })"}
{"level":"DEBUG","time":"2026-05-20T16:08:51.457Z","pid":31422,"environment":"development","msg":"Filled text : Vikram into element : getByRole('textbox', { name: 'First Name' })"}
{"level":"DEBUG","time":"2026-05-20T16:08:51.480Z","pid":31422,"environment":"development","msg":"Filled text : Singh into element : getByRole('textbox', { name: 'Last Name' })"}
{"level":"DEBUG","time":"2026-05-20T16:08:51.504Z","pid":31422,"environment":"development","msg":"Filled text : 302001 into element : getByRole('textbox', { name: 'Zip/Postal Code' })"}
{"level":"DEBUG","time":"2026-05-20T16:08:51.602Z","pid":31422,"environment":"development","msg":"Clicked on element : getByRole('button', { name: 'Continue' })"}
{"level":"DEBUG","time":"2026-05-20T16:08:51.660Z","pid":31422,"environment":"development","msg":"Clicked on element : getByRole('button', { name: 'Finish' })"}
{"level":"DEBUG","time":"2026-05-20T16:08:51.798Z","pid":31423,"environment":"development","msg":"Clicked on element : locator('[data-test=\"shopping-cart-link\"]')"}
{"level":"DEBUG","time":"2026-05-20T16:08:51.918Z","pid":31423,"environment":"development","msg":"Clicked on element : getByRole('button', { name: 'Checkout' })"}
{"level":"DEBUG","time":"2026-05-20T16:08:52.020Z","pid":31423,"environment":"development","msg":"Filled text : Pooja into element : getByRole('textbox', { name: 'First Name' })"}
{"level":"DEBUG","time":"2026-05-20T16:08:52.067Z","pid":31423,"environment":"development","msg":"Filled text : Nair into element : getByRole('textbox', { name: 'Last Name' })"}
{"level":"DEBUG","time":"2026-05-20T16:08:52.103Z","pid":31423,"environment":"development","msg":"Filled text : 682020 into element : getByRole('textbox', { name: 'Zip/Postal Code' })"}
{"level":"DEBUG","time":"2026-05-20T16:08:52.184Z","pid":31423,"environment":"development","msg":"Clicked on element : getByRole('button', { name: 'Continue' })"}
{"level":"DEBUG","time":"2026-05-20T16:08:52.291Z","pid":31423,"environment":"development","msg":"Clicked on element : getByRole('button', { name: 'Finish' })"}
{"level":"DEBUG","time":"2026-05-20T16:08:53.355Z","pid":31422,"environment":"development","msg":"Filled text : standard_user into element : getByRole('textbox', { name: 'Username' })"}
{"level":"DEBUG","time":"2026-05-20T16:08:53.561Z","pid":31422,"environment":"development","msg":"Filled text : secret_sauce into element : getByRole('textbox', { name: 'Password' })"}
{"level":"DEBUG","time":"2026-05-20T16:08:54.177Z","pid":31422,"environment":"development","msg":"Clicked on element : getByRole('button', { name: 'Login' })"}
{"level":"DEBUG","time":"2026-05-20T16:08:54.323Z","pid":31423,"environment":"development","msg":"Filled text : standard_user into element : getByRole('textbox', { name: 'Username' })"}
{"level":"DEBUG","time":"2026-05-20T16:08:54.614Z","pid":31422,"environment":"development","msg":"Clicked on element : getByRole('button', { name: 'Open Menu' })"}
{"level":"DEBUG","time":"2026-05-20T16:08:54.648Z","pid":31423,"environment":"development","msg":"Filled text : secret_sauce into element : getByRole('textbox', { name: 'Password' })"}
{"level":"DEBUG","time":"2026-05-20T16:08:54.724Z","pid":31423,"environment":"development","msg":"Clicked on element : getByRole('button', { name: 'Login' })"}
{"level":"DEBUG","time":"2026-05-20T16:08:54.879Z","pid":31423,"environment":"development","msg":"Clicked on element : getByRole('button', { name: 'Open Menu' })"}
{"level":"DEBUG","time":"2026-05-20T16:08:54.948Z","pid":31422,"environment":"development","msg":"Clicked on element : locator('[data-test=\"shopping-cart-link\"]')"}
{"level":"DEBUG","time":"2026-05-20T16:08:55.249Z","pid":31422,"environment":"development","msg":"Clicked on element : getByRole('button', { name: 'Checkout' })"}
{"level":"DEBUG","time":"2026-05-20T16:08:55.753Z","pid":31423,"environment":"development","msg":"Clicked on element : locator('[data-test=\"shopping-cart-link\"]')"}
{"level":"DEBUG","time":"2026-05-20T16:08:55.753Z","pid":31422,"environment":"development","msg":"Filled text : Karan into element : getByRole('textbox', { name: 'First Name' })"}
{"level":"DEBUG","time":"2026-05-20T16:08:55.969Z","pid":31422,"environment":"development","msg":"Filled text : Joshi into element : getByRole('textbox', { name: 'Last Name' })"}
{"level":"DEBUG","time":"2026-05-20T16:08:56.048Z","pid":31422,"environment":"development","msg":"Filled text : 411014 into element : getByRole('textbox', { name: 'Zip/Postal Code' })"}
{"level":"DEBUG","time":"2026-05-20T16:08:56.063Z","pid":31423,"environment":"development","msg":"Clicked on element : getByRole('button', { name: 'Checkout' })"}
{"level":"DEBUG","time":"2026-05-20T16:08:56.176Z","pid":31422,"environment":"development","msg":"Clicked on element : getByRole('button', { name: 'Continue' })"}
{"level":"DEBUG","time":"2026-05-20T16:08:56.207Z","pid":31423,"environment":"development","msg":"Filled text : R into element : getByRole('textbox', { name: 'Last Name' })"}
{"level":"DEBUG","time":"2026-05-20T16:08:56.235Z","pid":31422,"environment":"development","msg":"Clicked on element : getByRole('button', { name: 'Finish' })"}
{"level":"DEBUG","time":"2026-05-20T16:08:56.353Z","pid":31423,"environment":"development","msg":"Filled text : 123123 into element : getByRole('textbox', { name: 'Zip/Postal Code' })"}
{"level":"DEBUG","time":"2026-05-20T16:08:56.595Z","pid":31423,"environment":"development","msg":"Clicked on element : getByRole('button', { name: 'Continue' })"}
{"level":"DEBUG","time":"2026-05-20T16:08:56.879Z","pid":31663,"environment":"development","msg":"Filled text : standard_user into element : getByRole('textbox', { name: 'Username' })"}
{"level":"DEBUG","time":"2026-05-20T16:08:56.915Z","pid":31661,"environment":"development","msg":"Filled text : standard_user into element : getByRole('textbox', { name: 'Username' })"}
{"level":"DEBUG","time":"2026-05-20T16:08:57.031Z","pid":31663,"environment":"development","msg":"Filled text : secret_sauce into element : getByRole('textbox', { name: 'Password' })"}
{"level":"DEBUG","time":"2026-05-20T16:08:57.215Z","pid":31661,"environment":"development","msg":"Filled text : secret_sauce into element : getByRole('textbox', { name: 'Password' })"}
{"level":"DEBUG","time":"2026-05-20T16:08:57.399Z","pid":31663,"environment":"development","msg":"Clicked on element : getByRole('button', { name: 'Login' })"}
{"level":"DEBUG","time":"2026-05-20T16:08:57.522Z","pid":31661,"environment":"development","msg":"Clicked on element : getByRole('button', { name: 'Login' })"}
{"level":"DEBUG","time":"2026-05-20T16:08:57.554Z","pid":31663,"environment":"development","msg":"Clicked on element : getByRole('button', { name: 'Open Menu' })"}
{"level":"DEBUG","time":"2026-05-20T16:08:57.585Z","pid":31661,"environment":"development","msg":"Clicked on element : getByRole('button', { name: 'Open Menu' })"}
{"level":"DEBUG","time":"2026-05-20T16:08:58.042Z","pid":31661,"environment":"development","msg":"Clicked on element : locator('[data-test=\"shopping-cart-link\"]')"}
{"level":"DEBUG","time":"2026-05-20T16:08:58.058Z","pid":31663,"environment":"development","msg":"Clicked on element : locator('[data-test=\"shopping-cart-link\"]')"}
{"level":"DEBUG","time":"2026-05-20T16:08:58.282Z","pid":31661,"environment":"development","msg":"Clicked on element : getByRole('button', { name: 'Checkout' })"}
{"level":"DEBUG","time":"2026-05-20T16:08:58.299Z","pid":31663,"environment":"development","msg":"Clicked on element : getByRole('button', { name: 'Checkout' })"}
{"level":"DEBUG","time":"2026-05-20T16:08:58.363Z","pid":31663,"environment":"development","msg":"Filled text : Amit into element : getByRole('textbox', { name: 'First Name' })"}
{"level":"DEBUG","time":"2026-05-20T16:08:58.365Z","pid":31661,"environment":"development","msg":"Filled text : Nitin into element : getByRole('textbox', { name: 'First Name' })"}
{"level":"DEBUG","time":"2026-05-20T16:08:58.396Z","pid":31661,"environment":"development","msg":"Filled text : Rastogi into element : getByRole('textbox', { name: 'Last Name' })"}
{"level":"DEBUG","time":"2026-05-20T16:08:58.400Z","pid":31663,"environment":"development","msg":"Filled text : Sharma into element : getByRole('textbox', { name: 'Last Name' })"}
{"level":"DEBUG","time":"2026-05-20T16:08:58.543Z","pid":31661,"environment":"development","msg":"Filled text : 560067 into element : getByRole('textbox', { name: 'Zip/Postal Code' })"}
{"level":"DEBUG","time":"2026-05-20T16:08:58.600Z","pid":31663,"environment":"development","msg":"Filled text : 110001 into element : getByRole('textbox', { name: 'Zip/Postal Code' })"}
{"level":"DEBUG","time":"2026-05-20T16:08:58.711Z","pid":31661,"environment":"development","msg":"Clicked on element : getByRole('button', { name: 'Continue' })"}
{"level":"DEBUG","time":"2026-05-20T16:08:58.808Z","pid":31663,"environment":"development","msg":"Clicked on element : getByRole('button', { name: 'Continue' })"}
{"level":"DEBUG","time":"2026-05-20T16:08:58.918Z","pid":31661,"environment":"development","msg":"Clicked on element : getByRole('button', { name: 'Finish' })"}
{"level":"DEBUG","time":"2026-05-20T16:08:58.983Z","pid":31422,"environment":"development","msg":"Filled text : standard_user into element : getByRole('textbox', { name: 'Username' })"}
{"level":"DEBUG","time":"2026-05-20T16:08:59.119Z","pid":31663,"environment":"development","msg":"Clicked on element : getByRole('button', { name: 'Finish' })"}
{"level":"DEBUG","time":"2026-05-20T16:08:59.322Z","pid":31422,"environment":"development","msg":"Filled text : secret_sauce into element : getByRole('textbox', { name: 'Password' })"}
{"level":"DEBUG","time":"2026-05-20T16:08:59.480Z","pid":31422,"environment":"development","msg":"Clicked on element : getByRole('button', { name: 'Login' })"}
{"level":"DEBUG","time":"2026-05-20T16:08:59.739Z","pid":31422,"environment":"development","msg":"Clicked on element : getByRole('button', { name: 'Open Menu' })"}
{"level":"DEBUG","time":"2026-05-20T16:08:59.824Z","pid":31423,"environment":"development","msg":"Filled text : standard_user into element : getByRole('textbox', { name: 'Username' })"}
{"level":"DEBUG","time":"2026-05-20T16:08:59.855Z","pid":31423,"environment":"development","msg":"Filled text : secret_sauce into element : getByRole('textbox', { name: 'Password' })"}
{"level":"DEBUG","time":"2026-05-20T16:09:00.346Z","pid":31423,"environment":"development","msg":"Clicked on element : getByRole('button', { name: 'Login' })"}
{"level":"DEBUG","time":"2026-05-20T16:09:01.485Z","pid":31423,"environment":"development","msg":"Clicked on element : getByRole('button', { name: 'Open Menu' })"}
{"level":"DEBUG","time":"2026-05-20T16:09:02.063Z","pid":31661,"environment":"development","msg":"Filled text : standard_user into element : getByRole('textbox', { name: 'Username' })"}
{"level":"DEBUG","time":"2026-05-20T16:09:02.087Z","pid":31663,"environment":"development","msg":"Filled text : standard_user into element : getByRole('textbox', { name: 'Username' })"}
{"level":"DEBUG","time":"2026-05-20T16:09:02.363Z","pid":31661,"environment":"development","msg":"Filled text : secret_sauce into element : getByRole('textbox', { name: 'Password' })"}
{"level":"DEBUG","time":"2026-05-20T16:09:02.621Z","pid":31663,"environment":"development","msg":"Filled text : secret_sauce into element : getByRole('textbox', { name: 'Password' })"}
{"level":"DEBUG","time":"2026-05-20T16:09:02.809Z","pid":31661,"environment":"development","msg":"Clicked on element : getByRole('button', { name: 'Login' })"}
{"level":"DEBUG","time":"2026-05-20T16:09:02.839Z","pid":31661,"environment":"development","msg":"Clicked on element : getByRole('button', { name: 'Open Menu' })"}
{"level":"DEBUG","time":"2026-05-20T16:09:03.008Z","pid":31663,"environment":"development","msg":"Clicked on element : getByRole('button', { name: 'Login' })"}
{"level":"DEBUG","time":"2026-05-20T16:09:03.067Z","pid":31663,"environment":"development","msg":"Clicked on element : getByRole('button', { name: 'Open Menu' })"}
{"level":"DEBUG","time":"2026-05-20T16:09:03.493Z","pid":31661,"environment":"development","msg":"Clicked on element : locator('[data-test=\"shopping-cart-link\"]')"}
{"level":"DEBUG","time":"2026-05-20T16:09:03.496Z","pid":31663,"environment":"development","msg":"Clicked on element : locator('[data-test=\"shopping-cart-link\"]')"}
{"level":"DEBUG","time":"2026-05-20T16:09:03.653Z","pid":31663,"environment":"development","msg":"Clicked on element : getByRole('button', { name: 'Checkout' })"}
{"level":"DEBUG","time":"2026-05-20T16:09:03.662Z","pid":31661,"environment":"development","msg":"Clicked on element : getByRole('button', { name: 'Checkout' })"}
{"level":"DEBUG","time":"2026-05-20T16:09:03.722Z","pid":31423,"environment":"development","msg":"navigated to url : https://www.saucedemo.com/inventory-item.html?id=999"}
{"level":"DEBUG","time":"2026-05-20T16:09:03.731Z","pid":31663,"environment":"development","msg":"Filled text : Rahul into element : getByRole('textbox', { name: 'First Name' })"}
{"level":"DEBUG","time":"2026-05-20T16:09:03.737Z","pid":31661,"environment":"development","msg":"Filled text : Priya into element : getByRole('textbox', { name: 'First Name' })"}
{"level":"DEBUG","time":"2026-05-20T16:09:03.766Z","pid":31663,"environment":"development","msg":"Filled text : Mehta into element : getByRole('textbox', { name: 'Last Name' })"}
{"level":"DEBUG","time":"2026-05-20T16:09:03.798Z","pid":31661,"environment":"development","msg":"Filled text : Verma into element : getByRole('textbox', { name: 'Last Name' })"}
{"level":"DEBUG","time":"2026-05-20T16:09:03.808Z","pid":31663,"environment":"development","msg":"Filled text : 500081 into element : getByRole('textbox', { name: 'Zip/Postal Code' })"}
{"level":"DEBUG","time":"2026-05-20T16:09:03.839Z","pid":31661,"environment":"development","msg":"Filled text : 400001 into element : getByRole('textbox', { name: 'Zip/Postal Code' })"}
{"level":"DEBUG","time":"2026-05-20T16:09:04.001Z","pid":31663,"environment":"development","msg":"Clicked on element : getByRole('button', { name: 'Continue' })"}
{"level":"DEBUG","time":"2026-05-20T16:09:04.025Z","pid":31661,"environment":"development","msg":"Clicked on element : getByRole('button', { name: 'Continue' })"}
{"level":"DEBUG","time":"2026-05-20T16:09:04.221Z","pid":31663,"environment":"development","msg":"Clicked on element : getByRole('button', { name: 'Finish' })"}
{"level":"DEBUG","time":"2026-05-20T16:09:04.271Z","pid":31661,"environment":"development","msg":"Clicked on element : getByRole('button', { name: 'Finish' })"}
{"level":"DEBUG","time":"2026-05-20T16:09:05.149Z","pid":31422,"environment":"development","msg":"Filled text : standard_user into element : getByRole('textbox', { name: 'Username' })"}
{"level":"DEBUG","time":"2026-05-20T16:09:05.378Z","pid":31422,"environment":"development","msg":"Filled text : secret_sauce into element : getByRole('textbox', { name: 'Password' })"}
{"level":"DEBUG","time":"2026-05-20T16:09:05.473Z","pid":31422,"environment":"development","msg":"Clicked on element : getByRole('button', { name: 'Login' })"}
{"level":"DEBUG","time":"2026-05-20T16:09:05.569Z","pid":31422,"environment":"development","msg":"Clicked on element : getByRole('button', { name: 'Open Menu' })"}
{"level":"DEBUG","time":"2026-05-20T16:09:06.025Z","pid":31663,"environment":"development","msg":"Filled text : standard_user into element : getByRole('textbox', { name: 'Username' })"}
{"level":"DEBUG","time":"2026-05-20T16:09:06.180Z","pid":31663,"environment":"development","msg":"Filled text : secret_sauce into element : getByRole('textbox', { name: 'Password' })"}
{"level":"DEBUG","time":"2026-05-20T16:09:06.328Z","pid":31661,"environment":"development","msg":"Filled text : standard_user into element : getByRole('textbox', { name: 'Username' })"}
{"level":"DEBUG","time":"2026-05-20T16:09:06.433Z","pid":31661,"environment":"development","msg":"Filled text : secret_sauce into element : getByRole('textbox', { name: 'Password' })"}
{"level":"DEBUG","time":"2026-05-20T16:09:06.468Z","pid":31663,"environment":"development","msg":"Clicked on element : getByRole('button', { name: 'Login' })"}
{"level":"DEBUG","time":"2026-05-20T16:09:06.528Z","pid":31663,"environment":"development","msg":"Clicked on element : getByRole('button', { name: 'Open Menu' })"}
{"level":"DEBUG","time":"2026-05-20T16:09:06.652Z","pid":31423,"environment":"development","msg":"Filled text : problem_user into element : getByRole('textbox', { name: 'Username' })"}
{"level":"DEBUG","time":"2026-05-20T16:09:06.708Z","pid":31423,"environment":"development","msg":"Filled text : secret_sauce into element : getByRole('textbox', { name: 'Password' })"}
{"level":"DEBUG","time":"2026-05-20T16:09:06.732Z","pid":31661,"environment":"development","msg":"Clicked on element : getByRole('button', { name: 'Login' })"}
{"level":"DEBUG","time":"2026-05-20T16:09:06.776Z","pid":31661,"environment":"development","msg":"Clicked on element : getByRole('button', { name: 'Open Menu' })"}
{"level":"DEBUG","time":"2026-05-20T16:09:07.042Z","pid":31423,"environment":"development","msg":"Clicked on element : getByRole('button', { name: 'Login' })"}
{"level":"DEBUG","time":"2026-05-20T16:09:07.051Z","pid":31663,"environment":"development","msg":"Clicked on element : locator('[data-test=\"shopping-cart-link\"]')"}
{"level":"DEBUG","time":"2026-05-20T16:09:07.239Z","pid":31663,"environment":"development","msg":"Clicked on element : getByRole('button', { name: 'Checkout' })"}
{"level":"DEBUG","time":"2026-05-20T16:09:07.263Z","pid":31661,"environment":"development","msg":"Clicked on element : locator('[data-test=\"shopping-cart-link\"]')"}
{"level":"DEBUG","time":"2026-05-20T16:09:07.276Z","pid":31663,"environment":"development","msg":"Filled text : Arjun into element : getByRole('textbox', { name: 'First Name' })"}
{"level":"DEBUG","time":"2026-05-20T16:09:07.293Z","pid":31663,"environment":"development","msg":"Filled text : Patel into element : getByRole('textbox', { name: 'Last Name' })"}
{"level":"DEBUG","time":"2026-05-20T16:09:07.316Z","pid":31663,"environment":"development","msg":"Filled text : 380015 into element : getByRole('textbox', { name: 'Zip/Postal Code' })"}
{"level":"DEBUG","time":"2026-05-20T16:09:07.418Z","pid":31423,"environment":"development","msg":"Clicked on element : getByRole('button', { name: 'Open Menu' })"}
{"level":"DEBUG","time":"2026-05-20T16:09:07.447Z","pid":31661,"environment":"development","msg":"Clicked on element : getByRole('button', { name: 'Checkout' })"}
{"level":"DEBUG","time":"2026-05-20T16:09:07.487Z","pid":31663,"environment":"development","msg":"Clicked on element : getByRole('button', { name: 'Continue' })"}
{"level":"DEBUG","time":"2026-05-20T16:09:07.513Z","pid":31661,"environment":"development","msg":"Filled text : Sneha into element : getByRole('textbox', { name: 'First Name' })"}
{"level":"DEBUG","time":"2026-05-20T16:09:07.539Z","pid":31661,"environment":"development","msg":"Filled text : Iyer into element : getByRole('textbox', { name: 'Last Name' })"}
{"level":"DEBUG","time":"2026-05-20T16:09:07.563Z","pid":31661,"environment":"development","msg":"Filled text : 600020 into element : getByRole('textbox', { name: 'Zip/Postal Code' })"}
{"level":"DEBUG","time":"2026-05-20T16:09:07.712Z","pid":31663,"environment":"development","msg":"Clicked on element : getByRole('button', { name: 'Finish' })"}
{"level":"DEBUG","time":"2026-05-20T16:09:07.776Z","pid":31661,"environment":"development","msg":"Clicked on element : getByRole('button', { name: 'Continue' })"}
{"level":"DEBUG","time":"2026-05-20T16:09:07.959Z","pid":31661,"environment":"development","msg":"Clicked on element : getByRole('button', { name: 'Finish' })"}
{"level":"DEBUG","time":"2026-05-20T16:09:08.486Z","pid":31422,"environment":"development","msg":"Filled text : visual_user into element : getByRole('textbox', { name: 'Username' })"}
{"level":"DEBUG","time":"2026-05-20T16:09:08.595Z","pid":31422,"environment":"development","msg":"Filled text : secret_sauce into element : getByRole('textbox', { name: 'Password' })"}
{"level":"DEBUG","time":"2026-05-20T16:09:08.875Z","pid":31422,"environment":"development","msg":"Clicked on element : getByRole('button', { name: 'Login' })"}
{"level":"DEBUG","time":"2026-05-20T16:09:08.946Z","pid":31422,"environment":"development","msg":"Clicked on element : getByRole('button', { name: 'Open Menu' })"}
{"level":"DEBUG","time":"2026-05-20T16:09:09.201Z","pid":31423,"environment":"development","msg":"Filled text : wrongData into element : getByRole('textbox', { name: 'Username' })"}
{"level":"DEBUG","time":"2026-05-20T16:09:09.369Z","pid":31663,"environment":"development","msg":"Filled text : standard_user into element : getByRole('textbox', { name: 'Username' })"}
{"level":"DEBUG","time":"2026-05-20T16:09:09.453Z","pid":31663,"environment":"development","msg":"Filled text : secret_sauce into element : getByRole('textbox', { name: 'Password' })"}
{"level":"DEBUG","time":"2026-05-20T16:09:09.636Z","pid":31423,"environment":"development","msg":"Filled text : secret_sauce into element : getByRole('textbox', { name: 'Password' })"}
{"level":"DEBUG","time":"2026-05-20T16:09:09.774Z","pid":31663,"environment":"development","msg":"Clicked on element : getByRole('button', { name: 'Login' })"}
{"level":"DEBUG","time":"2026-05-20T16:09:09.775Z","pid":31423,"environment":"development","msg":"Clicked on element : getByRole('button', { name: 'Login' })"}
{"level":"DEBUG","time":"2026-05-20T16:09:09.814Z","pid":31663,"environment":"development","msg":"Clicked on element : getByRole('button', { name: 'Open Menu' })"}
{"level":"DEBUG","time":"2026-05-20T16:09:09.896Z","pid":31661,"environment":"development","msg":"Filled text : standard_user into element : getByRole('textbox', { name: 'Username' })"}
{"level":"DEBUG","time":"2026-05-20T16:09:09.975Z","pid":31661,"environment":"development","msg":"Filled text : secret_sauce into element : getByRole('textbox', { name: 'Password' })"}
{"level":"DEBUG","time":"2026-05-20T16:09:10.264Z","pid":31661,"environment":"development","msg":"Clicked on element : getByRole('button', { name: 'Login' })"}
{"level":"DEBUG","time":"2026-05-20T16:09:10.295Z","pid":31661,"environment":"development","msg":"Clicked on element : getByRole('button', { name: 'Open Menu' })"}
{"level":"DEBUG","time":"2026-05-20T16:09:10.325Z","pid":31663,"environment":"development","msg":"Clicked on element : locator('[data-test=\"shopping-cart-link\"]')"}
{"level":"DEBUG","time":"2026-05-20T16:09:10.630Z","pid":31663,"environment":"development","msg":"Clicked on element : getByRole('button', { name: 'Checkout' })"}
{"level":"DEBUG","time":"2026-05-20T16:09:10.662Z","pid":31663,"environment":"development","msg":"Filled text : Neha into element : getByRole('textbox', { name: 'First Name' })"}
{"level":"DEBUG","time":"2026-05-20T16:09:10.683Z","pid":31663,"environment":"development","msg":"Filled text : Gupta into element : getByRole('textbox', { name: 'Last Name' })"}
{"level":"DEBUG","time":"2026-05-20T16:09:10.742Z","pid":31663,"environment":"development","msg":"Filled text : 700091 into element : getByRole('textbox', { name: 'Zip/Postal Code' })"}
{"level":"DEBUG","time":"2026-05-20T16:09:10.780Z","pid":31661,"environment":"development","msg":"Clicked on element : locator('[data-test=\"shopping-cart-link\"]')"}
{"level":"DEBUG","time":"2026-05-20T16:09:10.909Z","pid":31663,"environment":"development","msg":"Clicked on element : getByRole('button', { name: 'Continue' })"}
{"level":"DEBUG","time":"2026-05-20T16:09:10.919Z","pid":31661,"environment":"development","msg":"Clicked on element : getByRole('button', { name: 'Checkout' })"}
{"level":"DEBUG","time":"2026-05-20T16:09:10.963Z","pid":31661,"environment":"development","msg":"Filled text : Vikram into element : getByRole('textbox', { name: 'First Name' })"}
{"level":"DEBUG","time":"2026-05-20T16:09:10.993Z","pid":31661,"environment":"development","msg":"Filled text : Singh into element : getByRole('textbox', { name: 'Last Name' })"}
{"level":"DEBUG","time":"2026-05-20T16:09:11.009Z","pid":31661,"environment":"development","msg":"Filled text : 302001 into element : getByRole('textbox', { name: 'Zip/Postal Code' })"}
{"level":"DEBUG","time":"2026-05-20T16:09:11.095Z","pid":31663,"environment":"development","msg":"Clicked on element : getByRole('button', { name: 'Finish' })"}
{"level":"DEBUG","time":"2026-05-20T16:09:11.201Z","pid":31661,"environment":"development","msg":"Clicked on element : getByRole('button', { name: 'Continue' })"}
{"level":"DEBUG","time":"2026-05-20T16:09:11.390Z","pid":31661,"environment":"development","msg":"Clicked on element : getByRole('button', { name: 'Finish' })"}
{"level":"DEBUG","time":"2026-05-20T16:09:12.480Z","pid":31663,"environment":"development","msg":"Filled text : standard_user into element : getByRole('textbox', { name: 'Username' })"}
{"level":"DEBUG","time":"2026-05-20T16:09:12.566Z","pid":31663,"environment":"development","msg":"Filled text : secret_sauce into element : getByRole('textbox', { name: 'Password' })"}
{"level":"DEBUG","time":"2026-05-20T16:09:12.814Z","pid":31663,"environment":"development","msg":"Clicked on element : getByRole('button', { name: 'Login' })"}
{"level":"DEBUG","time":"2026-05-20T16:09:12.831Z","pid":31663,"environment":"development","msg":"Clicked on element : getByRole('button', { name: 'Open Menu' })"}
{"level":"DEBUG","time":"2026-05-20T16:09:12.995Z","pid":31661,"environment":"development","msg":"Filled text : standard_user into element : getByRole('textbox', { name: 'Username' })"}
{"level":"DEBUG","time":"2026-05-20T16:09:13.106Z","pid":31661,"environment":"development","msg":"Filled text : secret_sauce into element : getByRole('textbox', { name: 'Password' })"}
{"level":"DEBUG","time":"2026-05-20T16:09:13.260Z","pid":31663,"environment":"development","msg":"Clicked on element : locator('[data-test=\"shopping-cart-link\"]')"}
{"level":"DEBUG","time":"2026-05-20T16:09:13.384Z","pid":31661,"environment":"development","msg":"Clicked on element : getByRole('button', { name: 'Login' })"}
{"level":"DEBUG","time":"2026-05-20T16:09:13.420Z","pid":31661,"environment":"development","msg":"Clicked on element : getByRole('button', { name: 'Open Menu' })"}
{"level":"DEBUG","time":"2026-05-20T16:09:13.466Z","pid":31663,"environment":"development","msg":"Clicked on element : getByRole('button', { name: 'Checkout' })"}
{"level":"DEBUG","time":"2026-05-20T16:09:13.511Z","pid":31663,"environment":"development","msg":"Filled text : Pooja into element : getByRole('textbox', { name: 'First Name' })"}
{"level":"DEBUG","time":"2026-05-20T16:09:13.542Z","pid":31663,"environment":"development","msg":"Filled text : Nair into element : getByRole('textbox', { name: 'Last Name' })"}
{"level":"DEBUG","time":"2026-05-20T16:09:13.573Z","pid":31663,"environment":"development","msg":"Filled text : 682020 into element : getByRole('textbox', { name: 'Zip/Postal Code' })"}
{"level":"DEBUG","time":"2026-05-20T16:09:13.745Z","pid":31663,"environment":"development","msg":"Clicked on element : getByRole('button', { name: 'Continue' })"}
{"level":"DEBUG","time":"2026-05-20T16:09:13.765Z","pid":31661,"environment":"development","msg":"Clicked on element : locator('[data-test=\"shopping-cart-link\"]')"}
{"level":"DEBUG","time":"2026-05-20T16:09:13.939Z","pid":31663,"environment":"development","msg":"Clicked on element : getByRole('button', { name: 'Finish' })"}
{"level":"DEBUG","time":"2026-05-20T16:09:13.949Z","pid":31661,"environment":"development","msg":"Clicked on element : getByRole('button', { name: 'Checkout' })"}
{"level":"DEBUG","time":"2026-05-20T16:09:13.978Z","pid":31661,"environment":"development","msg":"Filled text : Karan into element : getByRole('textbox', { name: 'First Name' })"}
{"level":"DEBUG","time":"2026-05-20T16:09:13.992Z","pid":31661,"environment":"development","msg":"Filled text : Joshi into element : getByRole('textbox', { name: 'Last Name' })"}
{"level":"DEBUG","time":"2026-05-20T16:09:14.002Z","pid":31661,"environment":"development","msg":"Filled text : 411014 into element : getByRole('textbox', { name: 'Zip/Postal Code' })"}
{"level":"DEBUG","time":"2026-05-20T16:09:14.162Z","pid":31661,"environment":"development","msg":"Clicked on element : getByRole('button', { name: 'Continue' })"}
{"level":"DEBUG","time":"2026-05-20T16:09:14.334Z","pid":31661,"environment":"development","msg":"Clicked on element : getByRole('button', { name: 'Finish' })"}
{"level":"DEBUG","time":"2026-05-20T16:09:15.583Z","pid":31663,"environment":"development","msg":"Filled text : standard_user into element : getByRole('textbox', { name: 'Username' })"}
{"level":"DEBUG","time":"2026-05-20T16:09:15.668Z","pid":31663,"environment":"development","msg":"Filled text : secret_sauce into element : getByRole('textbox', { name: 'Password' })"}
{"level":"DEBUG","time":"2026-05-20T16:09:15.724Z","pid":31661,"environment":"development","msg":"Filled text : standard_user into element : getByRole('textbox', { name: 'Username' })"}
{"level":"DEBUG","time":"2026-05-20T16:09:15.833Z","pid":31661,"environment":"development","msg":"Filled text : secret_sauce into element : getByRole('textbox', { name: 'Password' })"}
{"level":"DEBUG","time":"2026-05-20T16:09:15.920Z","pid":31663,"environment":"development","msg":"Clicked on element : getByRole('button', { name: 'Login' })"}
{"level":"DEBUG","time":"2026-05-20T16:09:15.960Z","pid":31663,"environment":"development","msg":"Clicked on element : getByRole('button', { name: 'Open Menu' })"}
{"level":"DEBUG","time":"2026-05-20T16:09:16.058Z","pid":31661,"environment":"development","msg":"Clicked on element : getByRole('button', { name: 'Login' })"}
{"level":"DEBUG","time":"2026-05-20T16:09:16.118Z","pid":31661,"environment":"development","msg":"Clicked on element : getByRole('button', { name: 'Open Menu' })"}
{"level":"DEBUG","time":"2026-05-20T16:09:16.316Z","pid":31663,"environment":"development","msg":"Clicked on element : locator('[data-test=\"shopping-cart-link\"]')"}
{"level":"DEBUG","time":"2026-05-20T16:09:16.479Z","pid":31663,"environment":"development","msg":"Clicked on element : getByRole('button', { name: 'Checkout' })"}
{"level":"DEBUG","time":"2026-05-20T16:09:16.516Z","pid":31663,"environment":"development","msg":"Filled text : R into element : getByRole('textbox', { name: 'Last Name' })"}
{"level":"DEBUG","time":"2026-05-20T16:09:16.539Z","pid":31663,"environment":"development","msg":"Filled text : 123123 into element : getByRole('textbox', { name: 'Zip/Postal Code' })"}
{"level":"DEBUG","time":"2026-05-20T16:09:16.585Z","pid":31663,"environment":"development","msg":"Clicked on element : getByRole('button', { name: 'Continue' })"}
{"level":"DEBUG","time":"2026-05-20T16:09:17.688Z","pid":31661,"environment":"development","msg":"Filled text : standard_user into element : getByRole('textbox', { name: 'Username' })"}
{"level":"DEBUG","time":"2026-05-20T16:09:17.747Z","pid":31661,"environment":"development","msg":"Filled text : secret_sauce into element : getByRole('textbox', { name: 'Password' })"}
{"level":"DEBUG","time":"2026-05-20T16:09:17.834Z","pid":31663,"environment":"development","msg":"Filled text : standard_user into element : getByRole('textbox', { name: 'Username' })"}
{"level":"DEBUG","time":"2026-05-20T16:09:17.915Z","pid":31663,"environment":"development","msg":"Filled text : secret_sauce into element : getByRole('textbox', { name: 'Password' })"}
{"level":"DEBUG","time":"2026-05-20T16:09:17.924Z","pid":31661,"environment":"development","msg":"Clicked on element : getByRole('button', { name: 'Login' })"}
{"level":"DEBUG","time":"2026-05-20T16:09:17.963Z","pid":31661,"environment":"development","msg":"Clicked on element : getByRole('button', { name: 'Open Menu' })"}
{"level":"DEBUG","time":"2026-05-20T16:09:18.142Z","pid":31663,"environment":"development","msg":"Clicked on element : getByRole('button', { name: 'Login' })"}
{"level":"DEBUG","time":"2026-05-20T16:09:18.199Z","pid":31663,"environment":"development","msg":"Clicked on element : getByRole('button', { name: 'Open Menu' })"}
{"level":"DEBUG","time":"2026-05-20T16:09:18.514Z","pid":31661,"environment":"development","msg":"navigated to url : https://www.saucedemo.com/inventory-item.html?id=999"}
{"level":"DEBUG","time":"2026-05-20T16:09:19.599Z","pid":31661,"environment":"development","msg":"Filled text : problem_user into element : getByRole('textbox', { name: 'Username' })"}
{"level":"DEBUG","time":"2026-05-20T16:09:19.641Z","pid":31661,"environment":"development","msg":"Filled text : secret_sauce into element : getByRole('textbox', { name: 'Password' })"}
{"level":"DEBUG","time":"2026-05-20T16:09:19.719Z","pid":31661,"environment":"development","msg":"Clicked on element : getByRole('button', { name: 'Login' })"}
{"level":"DEBUG","time":"2026-05-20T16:09:19.729Z","pid":31661,"environment":"development","msg":"Clicked on element : getByRole('button', { name: 'Open Menu' })"}
{"level":"DEBUG","time":"2026-05-20T16:09:20.820Z","pid":31661,"environment":"development","msg":"Filled text : visual_user into element : getByRole('textbox', { name: 'Username' })"}
{"level":"DEBUG","time":"2026-05-20T16:09:20.862Z","pid":31661,"environment":"development","msg":"Filled text : secret_sauce into element : getByRole('textbox', { name: 'Password' })"}
{"level":"DEBUG","time":"2026-05-20T16:09:20.944Z","pid":31661,"environment":"development","msg":"Clicked on element : getByRole('button', { name: 'Login' })"}
{"level":"DEBUG","time":"2026-05-20T16:09:20.955Z","pid":31661,"environment":"development","msg":"Clicked on element : getByRole('button', { name: 'Open Menu' })"}
{"level":"DEBUG","time":"2026-05-20T16:09:22.429Z","pid":31661,"environment":"development","msg":"Filled text : wrongData into element : getByRole('textbox', { name: 'Username' })"}
{"level":"DEBUG","time":"2026-05-20T16:09:22.506Z","pid":31661,"environment":"development","msg":"Filled text : secret_sauce into element : getByRole('textbox', { name: 'Password' })"}
{"level":"DEBUG","time":"2026-05-20T16:09:22.548Z","pid":31661,"environment":"development","msg":"Clicked on element : getByRole('button', { name: 'Login' })"}
